<?xml version="1.0" encoding="UTF-8"?>
<!-- Generated by org.testng.reporters.JUnitXMLReporter -->
<testsuite ignored="6" hostname="IN-J7W0BK3" failures="0" tests="15" name="Default test" time="12.64" errors="0" timestamp="2022-07-09T21:53:13 IST">
  <testcase classname="Test_cases.CardTests" name="create_card" time="1.927"/>
  <testcase classname="Test_cases.CardTests" name="updateCard" time="1.042"/>
  <testcase classname="Test_cases.CardTests" name="getCard" time="0.613"/>
  <testcase classname="Test_cases.CardTests" name="create_a_new_label" time="0.713"/>
  <testcase classname="Test_cases.CardTests" name="deleteLabel" time="0.606"/>
  <testcase classname="Test_cases.CardTests" name="deleteCard" time="0.683"/>
  <testcase classname="Test_cases.BoardTests" name="create_board" time="0.759"/>
  <testcase classname="Test_cases.BoardTests" name="update_board" time="0.601"/>
  <testcase classname="Test_cases.BoardTests" name="get_board" time="0.612"/>
  <testcase classname="Test_cases.BoardTests" name="delete_board" time="0.923"/>
  <testcase classname="Test_cases.CheckListTests" name="createChecklist" time="0.627"/>
  <testcase classname="Test_cases.CheckListTests" name="updateCheckList" time="1.003"/>
  <testcase classname="Test_cases.CheckListTests" name="getCheckList" time="0.612"/>
  <testcase classname="Test_cases.CheckListTests" name="getTheCardAChecklistIsOn" time="0.613"/>
  <testcase classname="Test_cases.CheckListTests" name="deleteCheckList" time="0.781"/>
  <testcase classname="Base_Class.baseTest" name="@AfterSuite endReport" time="0.0">
    <ignored/>
  </testcase> <!-- @AfterSuite endReport -->
  <testcase classname="Base_Class.baseTest" name="@AfterSuite endReport" time="0.0">
    <ignored/>
  </testcase> <!-- @AfterSuite endReport -->
  <testcase classname="Base_Class.baseTest" name="@AfterSuite endReport" time="0.0">
    <ignored/>
  </testcase> <!-- @AfterSuite endReport -->
  <testcase classname="Base_Class.baseTest" name="@BeforeSuite setReports" time="0.0">
    <ignored/>
  </testcase> <!-- @BeforeSuite setReports -->
  <testcase classname="Base_Class.baseTest" name="@BeforeSuite setReports" time="0.0">
    <ignored/>
  </testcase> <!-- @BeforeSuite setReports -->
  <testcase classname="Base_Class.baseTest" name="@BeforeSuite setReports" time="0.0">
    <ignored/>
  </testcase> <!-- @BeforeSuite setReports -->
</testsuite> <!-- Default test -->
