<?xml version="1.0" encoding="UTF-8"?>
<testsuite xmlns:xsi="http://www.w3.org/2001/XMLSchema-instance" xsi:noNamespaceSchemaLocation="https://maven.apache.org/surefire/maven-surefire-plugin/xsd/surefire-test-report.xsd" name="TestSuite" time="14.078" tests="15" errors="0" skipped="0" failures="3">
  <properties>
[...]
</properties>
  <testcase name="create_board" classname="Test_cases.BoardTests" time="2.515"/>
  <testcase name="update_board" classname="Test_cases.BoardTests" time="0.738"/>
  <testcase name="get_board" classname="Test_cases.BoardTests" time="0.651"/>
  <testcase name="delete_board" classname="Test_cases.BoardTests" time="0.887"/>
  <testcase name="create_card" classname="Test_cases.CardTests" time="0.889"/>
  <testcase name="updateCard" classname="Test_cases.CardTests" time="0.74"/>
  <testcase name="getCard" classname="Test_cases.CardTests" time="0.846"/>
  <testcase name="create_a_new_label" classname="Test_cases.CardTests" time="0.813"/>
  <testcase name="deleteLabel" classname="Test_cases.CardTests" time="0.674"/>
  <testcase name="deleteCard" classname="Test_cases.CardTests" time="0.704"/>
  <testcase name="createChecklist" classname="Test_cases.CheckListTests" time="0.675">
    <failure message="1 expectation failed.&#10;Expected status code &lt;200&gt; but was &lt;401&gt;.&#10;" type="java.lang.AssertionError"><![CDATA[java.lang.AssertionError: 
1 expectation failed.
Expected status code <200> but was <401>.

	at Test_cases.CheckListTests.createChecklist(CheckListTests.java:30)
]]></failure>
  </testcase>
  <testcase name="updateCheckList" classname="Test_cases.CheckListTests" time="0.632">
    <failure message="1 expectation failed.&#10;Expected status code &lt;200&gt; but was &lt;400&gt;.&#10;" type="java.lang.AssertionError"><![CDATA[java.lang.AssertionError: 
1 expectation failed.
Expected status code <200> but was <400>.

	at Test_cases.CheckListTests.updateCheckList(CheckListTests.java:47)
]]></failure>
  </testcase>
  <testcase name="getCheckList" classname="Test_cases.CheckListTests" time="0.579"/>
  <testcase name="getTheCardAChecklistIsOn" classname="Test_cases.CheckListTests" time="0.622">
    <failure message="1 expectation failed.&#10;Expected status code &lt;200&gt; but was &lt;400&gt;.&#10;" type="java.lang.AssertionError"><![CDATA[java.lang.AssertionError: 
1 expectation failed.
Expected status code <200> but was <400>.

	at Test_cases.CheckListTests.getTheCardAChecklistIsOn(CheckListTests.java:71)
]]></failure>
  </testcase>
  <testcase name="deleteCheckList" classname="Test_cases.CheckListTests" time="0.604"/>
</testsuite>