<?xml version="1.0" encoding="UTF-8"?>
<testng-results ignored="6" total="21" passed="15" failed="0" skipped="0">
  <reporter-output>
  </reporter-output>
  <suite started-at="2022-07-09T21:53:01 IST" name="Default suite" finished-at="2022-07-09T21:53:13 IST" duration-ms="12640">
    <groups>
    </groups>
    <test started-at="2022-07-09T21:53:01 IST" name="Default test" finished-at="2022-07-09T21:53:13 IST" duration-ms="12640">
      <class name="Base_Class.baseTest">
        <test-method is-config="true" signature="setReports()[pri:0, instance:Base_Class.baseTest@e260766]" started-at="2022-07-09T21:53:01 IST" name="setReports" finished-at="2022-07-09T21:53:01 IST" duration-ms="62" status="PASS">
          <reporter-output>
          </reporter-output>
        </test-method> <!-- setReports -->
        <test-method is-config="true" signature="endReport()[pri:0, instance:Base_Class.baseTest@e260766]" started-at="2022-07-09T21:53:13 IST" name="endReport" finished-at="2022-07-09T21:53:13 IST" duration-ms="169" status="PASS">
          <reporter-output>
          </reporter-output>
        </test-method> <!-- endReport -->
      </class> <!-- Base_Class.baseTest -->
      <class name="Test_cases.CardTests">
        <test-method is-config="true" signature="basic_Details()[pri:0, instance:Test_cases.CardTests@427b5f92]" started-at="2022-07-09T21:53:01 IST" name="basic_Details" finished-at="2022-07-09T21:53:01 IST" duration-ms="464" status="PASS">
          <reporter-output>
          </reporter-output>
        </test-method> <!-- basic_Details -->
        <test-method is-config="true" signature="startTest(java.lang.reflect.Method)[pri:0, instance:Test_cases.CardTests@427b5f92]" started-at="2022-07-09T21:53:01 IST" name="startTest" finished-at="2022-07-09T21:53:01 IST" duration-ms="4" status="PASS">
          <params>
            <param index="0">
              <value>
                <![CDATA[public void Test_cases.CardTests.create_card() throws java.lang.Exception]]>
              </value>
            </param>
          </params>
          <reporter-output>
          </reporter-output>
        </test-method> <!-- startTest -->
        <test-method signature="create_card()[pri:5, instance:Test_cases.CardTests@427b5f92]" started-at="2022-07-09T21:53:01 IST" name="create_card" finished-at="2022-07-09T21:53:03 IST" duration-ms="1927" status="PASS">
          <reporter-output>
          </reporter-output>
        </test-method> <!-- create_card -->
        <test-method is-config="true" signature="atestCaseResult(org.testng.ITestResult)[pri:0, instance:Test_cases.CardTests@427b5f92]" started-at="2022-07-09T21:53:03 IST" name="atestCaseResult" finished-at="2022-07-09T21:53:03 IST" duration-ms="1" status="PASS">
          <params>
            <param index="0">
              <value>
                <![CDATA[[TestResult name=create_card status=SUCCESS method=CardTests.create_card()[pri:5, instance:Test_cases.CardTests@427b5f92] output={null}]]]>
              </value>
            </param>
          </params>
          <reporter-output>
          </reporter-output>
        </test-method> <!-- atestCaseResult -->
        <test-method is-config="true" signature="endTest()[pri:0, instance:Test_cases.CardTests@427b5f92]" started-at="2022-07-09T21:53:03 IST" name="endTest" finished-at="2022-07-09T21:53:03 IST" duration-ms="1" status="PASS">
          <reporter-output>
          </reporter-output>
        </test-method> <!-- endTest -->
        <test-method is-config="true" signature="basic_Details()[pri:0, instance:Test_cases.CardTests@427b5f92]" started-at="2022-07-09T21:53:03 IST" name="basic_Details" finished-at="2022-07-09T21:53:03 IST" duration-ms="1" status="PASS">
          <reporter-output>
          </reporter-output>
        </test-method> <!-- basic_Details -->
        <test-method is-config="true" signature="startTest(java.lang.reflect.Method)[pri:0, instance:Test_cases.CardTests@427b5f92]" started-at="2022-07-09T21:53:03 IST" name="startTest" finished-at="2022-07-09T21:53:03 IST" duration-ms="0" status="PASS">
          <params>
            <param index="0">
              <value>
                <![CDATA[public void Test_cases.CardTests.updateCard() throws java.lang.Exception]]>
              </value>
            </param>
          </params>
          <reporter-output>
          </reporter-output>
        </test-method> <!-- startTest -->
        <test-method signature="updateCard()[pri:6, instance:Test_cases.CardTests@427b5f92]" started-at="2022-07-09T21:53:03 IST" name="updateCard" finished-at="2022-07-09T21:53:04 IST" duration-ms="1042" status="PASS">
          <reporter-output>
          </reporter-output>
        </test-method> <!-- updateCard -->
        <test-method is-config="true" signature="atestCaseResult(org.testng.ITestResult)[pri:0, instance:Test_cases.CardTests@427b5f92]" started-at="2022-07-09T21:53:04 IST" name="atestCaseResult" finished-at="2022-07-09T21:53:04 IST" duration-ms="1" status="PASS">
          <params>
            <param index="0">
              <value>
                <![CDATA[[TestResult name=updateCard status=SUCCESS method=CardTests.updateCard()[pri:6, instance:Test_cases.CardTests@427b5f92] output={null}]]]>
              </value>
            </param>
          </params>
          <reporter-output>
          </reporter-output>
        </test-method> <!-- atestCaseResult -->
        <test-method is-config="true" signature="basic_Details()[pri:0, instance:Test_cases.CardTests@427b5f92]" started-at="2022-07-09T21:53:04 IST" name="basic_Details" finished-at="2022-07-09T21:53:04 IST" duration-ms="1" status="PASS">
          <reporter-output>
          </reporter-output>
        </test-method> <!-- basic_Details -->
        <test-method is-config="true" signature="endTest()[pri:0, instance:Test_cases.CardTests@427b5f92]" started-at="2022-07-09T21:53:04 IST" name="endTest" finished-at="2022-07-09T21:53:04 IST" duration-ms="0" status="PASS">
          <reporter-output>
          </reporter-output>
        </test-method> <!-- endTest -->
        <test-method signature="getCard()[pri:7, instance:Test_cases.CardTests@427b5f92]" started-at="2022-07-09T21:53:04 IST" name="getCard" finished-at="2022-07-09T21:53:05 IST" duration-ms="613" status="PASS">
          <reporter-output>
          </reporter-output>
        </test-method> <!-- getCard -->
        <test-method is-config="true" signature="startTest(java.lang.reflect.Method)[pri:0, instance:Test_cases.CardTests@427b5f92]" started-at="2022-07-09T21:53:04 IST" name="startTest" finished-at="2022-07-09T21:53:04 IST" duration-ms="0" status="PASS">
          <params>
            <param index="0">
              <value>
                <![CDATA[public void Test_cases.CardTests.getCard() throws java.lang.Exception]]>
              </value>
            </param>
          </params>
          <reporter-output>
          </reporter-output>
        </test-method> <!-- startTest -->
        <test-method is-config="true" signature="atestCaseResult(org.testng.ITestResult)[pri:0, instance:Test_cases.CardTests@427b5f92]" started-at="2022-07-09T21:53:05 IST" name="atestCaseResult" finished-at="2022-07-09T21:53:05 IST" duration-ms="1" status="PASS">
          <params>
            <param index="0">
              <value>
                <![CDATA[[TestResult name=getCard status=SUCCESS method=CardTests.getCard()[pri:7, instance:Test_cases.CardTests@427b5f92] output={null}]]]>
              </value>
            </param>
          </params>
          <reporter-output>
          </reporter-output>
        </test-method> <!-- atestCaseResult -->
        <test-method is-config="true" signature="basic_Details()[pri:0, instance:Test_cases.CardTests@427b5f92]" started-at="2022-07-09T21:53:05 IST" name="basic_Details" finished-at="2022-07-09T21:53:05 IST" duration-ms="0" status="PASS">
          <reporter-output>
          </reporter-output>
        </test-method> <!-- basic_Details -->
        <test-method is-config="true" signature="startTest(java.lang.reflect.Method)[pri:0, instance:Test_cases.CardTests@427b5f92]" started-at="2022-07-09T21:53:05 IST" name="startTest" finished-at="2022-07-09T21:53:05 IST" duration-ms="1" status="PASS">
          <params>
            <param index="0">
              <value>
                <![CDATA[public void Test_cases.CardTests.create_a_new_label() throws java.lang.Exception]]>
              </value>
            </param>
          </params>
          <reporter-output>
          </reporter-output>
        </test-method> <!-- startTest -->
        <test-method is-config="true" signature="endTest()[pri:0, instance:Test_cases.CardTests@427b5f92]" started-at="2022-07-09T21:53:05 IST" name="endTest" finished-at="2022-07-09T21:53:05 IST" duration-ms="0" status="PASS">
          <reporter-output>
          </reporter-output>
        </test-method> <!-- endTest -->
        <test-method signature="create_a_new_label()[pri:8, instance:Test_cases.CardTests@427b5f92]" started-at="2022-07-09T21:53:05 IST" name="create_a_new_label" finished-at="2022-07-09T21:53:05 IST" duration-ms="713" status="PASS">
          <reporter-output>
          </reporter-output>
        </test-method> <!-- create_a_new_label -->
        <test-method is-config="true" signature="endTest()[pri:0, instance:Test_cases.CardTests@427b5f92]" started-at="2022-07-09T21:53:05 IST" name="endTest" finished-at="2022-07-09T21:53:05 IST" duration-ms="0" status="PASS">
          <reporter-output>
          </reporter-output>
        </test-method> <!-- endTest -->
        <test-method is-config="true" signature="basic_Details()[pri:0, instance:Test_cases.CardTests@427b5f92]" started-at="2022-07-09T21:53:05 IST" name="basic_Details" finished-at="2022-07-09T21:53:05 IST" duration-ms="1" status="PASS">
          <reporter-output>
          </reporter-output>
        </test-method> <!-- basic_Details -->
        <test-method is-config="true" signature="atestCaseResult(org.testng.ITestResult)[pri:0, instance:Test_cases.CardTests@427b5f92]" started-at="2022-07-09T21:53:05 IST" name="atestCaseResult" finished-at="2022-07-09T21:53:05 IST" duration-ms="0" status="PASS">
          <params>
            <param index="0">
              <value>
                <![CDATA[[TestResult name=create_a_new_label status=SUCCESS method=CardTests.create_a_new_label()[pri:8, instance:Test_cases.CardTests@427b5f92] output={null}]]]>
              </value>
            </param>
          </params>
          <reporter-output>
          </reporter-output>
        </test-method> <!-- atestCaseResult -->
        <test-method signature="deleteLabel()[pri:9, instance:Test_cases.CardTests@427b5f92]" started-at="2022-07-09T21:53:05 IST" name="deleteLabel" finished-at="2022-07-09T21:53:06 IST" duration-ms="606" status="PASS">
          <reporter-output>
          </reporter-output>
        </test-method> <!-- deleteLabel -->
        <test-method is-config="true" signature="startTest(java.lang.reflect.Method)[pri:0, instance:Test_cases.CardTests@427b5f92]" started-at="2022-07-09T21:53:05 IST" name="startTest" finished-at="2022-07-09T21:53:05 IST" duration-ms="0" status="PASS">
          <params>
            <param index="0">
              <value>
                <![CDATA[public void Test_cases.CardTests.deleteLabel() throws java.lang.Exception]]>
              </value>
            </param>
          </params>
          <reporter-output>
          </reporter-output>
        </test-method> <!-- startTest -->
        <test-method is-config="true" signature="atestCaseResult(org.testng.ITestResult)[pri:0, instance:Test_cases.CardTests@427b5f92]" started-at="2022-07-09T21:53:06 IST" name="atestCaseResult" finished-at="2022-07-09T21:53:06 IST" duration-ms="0" status="PASS">
          <params>
            <param index="0">
              <value>
                <![CDATA[[TestResult name=deleteLabel status=SUCCESS method=CardTests.deleteLabel()[pri:9, instance:Test_cases.CardTests@427b5f92] output={null}]]]>
              </value>
            </param>
          </params>
          <reporter-output>
          </reporter-output>
        </test-method> <!-- atestCaseResult -->
        <test-method is-config="true" signature="endTest()[pri:0, instance:Test_cases.CardTests@427b5f92]" started-at="2022-07-09T21:53:06 IST" name="endTest" finished-at="2022-07-09T21:53:06 IST" duration-ms="0" status="PASS">
          <reporter-output>
          </reporter-output>
        </test-method> <!-- endTest -->
        <test-method is-config="true" signature="startTest(java.lang.reflect.Method)[pri:0, instance:Test_cases.CardTests@427b5f92]" started-at="2022-07-09T21:53:06 IST" name="startTest" finished-at="2022-07-09T21:53:06 IST" duration-ms="0" status="PASS">
          <params>
            <param index="0">
              <value>
                <![CDATA[public void Test_cases.CardTests.deleteCard()]]>
              </value>
            </param>
          </params>
          <reporter-output>
          </reporter-output>
        </test-method> <!-- startTest -->
        <test-method is-config="true" signature="basic_Details()[pri:0, instance:Test_cases.CardTests@427b5f92]" started-at="2022-07-09T21:53:06 IST" name="basic_Details" finished-at="2022-07-09T21:53:06 IST" duration-ms="0" status="PASS">
          <reporter-output>
          </reporter-output>
        </test-method> <!-- basic_Details -->
        <test-method signature="deleteCard()[pri:10, instance:Test_cases.CardTests@427b5f92]" started-at="2022-07-09T21:53:06 IST" name="deleteCard" finished-at="2022-07-09T21:53:07 IST" duration-ms="683" status="PASS">
          <reporter-output>
          </reporter-output>
        </test-method> <!-- deleteCard -->
        <test-method is-config="true" signature="atestCaseResult(org.testng.ITestResult)[pri:0, instance:Test_cases.CardTests@427b5f92]" started-at="2022-07-09T21:53:07 IST" name="atestCaseResult" finished-at="2022-07-09T21:53:07 IST" duration-ms="0" status="PASS">
          <params>
            <param index="0">
              <value>
                <![CDATA[[TestResult name=deleteCard status=SUCCESS method=CardTests.deleteCard()[pri:10, instance:Test_cases.CardTests@427b5f92] output={null}]]]>
              </value>
            </param>
          </params>
          <reporter-output>
          </reporter-output>
        </test-method> <!-- atestCaseResult -->
        <test-method is-config="true" signature="endTest()[pri:0, instance:Test_cases.CardTests@427b5f92]" started-at="2022-07-09T21:53:07 IST" name="endTest" finished-at="2022-07-09T21:53:07 IST" duration-ms="0" status="PASS">
          <reporter-output>
          </reporter-output>
        </test-method> <!-- endTest -->
      </class> <!-- Test_cases.CardTests -->
      <class name="Test_cases.BoardTests">
        <test-method is-config="true" signature="basic_Details()[pri:0, instance:Test_cases.BoardTests@34625ccd]" started-at="2022-07-09T21:53:07 IST" name="basic_Details" finished-at="2022-07-09T21:53:07 IST" duration-ms="0" status="PASS">
          <reporter-output>
          </reporter-output>
        </test-method> <!-- basic_Details -->
        <test-method is-config="true" signature="startTest(java.lang.reflect.Method)[pri:0, instance:Test_cases.BoardTests@34625ccd]" started-at="2022-07-09T21:53:07 IST" name="startTest" finished-at="2022-07-09T21:53:07 IST" duration-ms="0" status="PASS">
          <params>
            <param index="0">
              <value>
                <![CDATA[public void Test_cases.BoardTests.create_board() throws java.lang.Exception]]>
              </value>
            </param>
          </params>
          <reporter-output>
          </reporter-output>
        </test-method> <!-- startTest -->
        <test-method signature="create_board()[pri:1, instance:Test_cases.BoardTests@34625ccd]" started-at="2022-07-09T21:53:07 IST" name="create_board" finished-at="2022-07-09T21:53:07 IST" duration-ms="759" status="PASS">
          <reporter-output>
          </reporter-output>
        </test-method> <!-- create_board -->
        <test-method is-config="true" signature="basic_Details()[pri:0, instance:Test_cases.BoardTests@34625ccd]" started-at="2022-07-09T21:53:07 IST" name="basic_Details" finished-at="2022-07-09T21:53:07 IST" duration-ms="1" status="PASS">
          <reporter-output>
          </reporter-output>
        </test-method> <!-- basic_Details -->
        <test-method is-config="true" signature="endTest()[pri:0, instance:Test_cases.BoardTests@34625ccd]" started-at="2022-07-09T21:53:07 IST" name="endTest" finished-at="2022-07-09T21:53:07 IST" duration-ms="0" status="PASS">
          <reporter-output>
          </reporter-output>
        </test-method> <!-- endTest -->
        <test-method is-config="true" signature="atestCaseResult(org.testng.ITestResult)[pri:0, instance:Test_cases.BoardTests@34625ccd]" started-at="2022-07-09T21:53:07 IST" name="atestCaseResult" finished-at="2022-07-09T21:53:07 IST" duration-ms="0" status="PASS">
          <params>
            <param index="0">
              <value>
                <![CDATA[[TestResult name=create_board status=SUCCESS method=BoardTests.create_board()[pri:1, instance:Test_cases.BoardTests@34625ccd] output={null}]]]>
              </value>
            </param>
          </params>
          <reporter-output>
          </reporter-output>
        </test-method> <!-- atestCaseResult -->
        <test-method signature="update_board()[pri:2, instance:Test_cases.BoardTests@34625ccd]" started-at="2022-07-09T21:53:07 IST" name="update_board" finished-at="2022-07-09T21:53:08 IST" duration-ms="601" status="PASS">
          <reporter-output>
          </reporter-output>
        </test-method> <!-- update_board -->
        <test-method is-config="true" signature="startTest(java.lang.reflect.Method)[pri:0, instance:Test_cases.BoardTests@34625ccd]" started-at="2022-07-09T21:53:07 IST" name="startTest" finished-at="2022-07-09T21:53:07 IST" duration-ms="0" status="PASS">
          <params>
            <param index="0">
              <value>
                <![CDATA[public void Test_cases.BoardTests.update_board() throws java.lang.Exception]]>
              </value>
            </param>
          </params>
          <reporter-output>
          </reporter-output>
        </test-method> <!-- startTest -->
        <test-method is-config="true" signature="endTest()[pri:0, instance:Test_cases.BoardTests@34625ccd]" started-at="2022-07-09T21:53:08 IST" name="endTest" finished-at="2022-07-09T21:53:08 IST" duration-ms="0" status="PASS">
          <reporter-output>
          </reporter-output>
        </test-method> <!-- endTest -->
        <test-method is-config="true" signature="atestCaseResult(org.testng.ITestResult)[pri:0, instance:Test_cases.BoardTests@34625ccd]" started-at="2022-07-09T21:53:08 IST" name="atestCaseResult" finished-at="2022-07-09T21:53:08 IST" duration-ms="0" status="PASS">
          <params>
            <param index="0">
              <value>
                <![CDATA[[TestResult name=update_board status=SUCCESS method=BoardTests.update_board()[pri:2, instance:Test_cases.BoardTests@34625ccd] output={null}]]]>
              </value>
            </param>
          </params>
          <reporter-output>
          </reporter-output>
        </test-method> <!-- atestCaseResult -->
        <test-method is-config="true" signature="startTest(java.lang.reflect.Method)[pri:0, instance:Test_cases.BoardTests@34625ccd]" started-at="2022-07-09T21:53:08 IST" name="startTest" finished-at="2022-07-09T21:53:08 IST" duration-ms="0" status="PASS">
          <params>
            <param index="0">
              <value>
                <![CDATA[public void Test_cases.BoardTests.get_board() throws java.lang.Exception]]>
              </value>
            </param>
          </params>
          <reporter-output>
          </reporter-output>
        </test-method> <!-- startTest -->
        <test-method signature="get_board()[pri:3, instance:Test_cases.BoardTests@34625ccd]" started-at="2022-07-09T21:53:08 IST" name="get_board" finished-at="2022-07-09T21:53:09 IST" duration-ms="612" status="PASS">
          <reporter-output>
          </reporter-output>
        </test-method> <!-- get_board -->
        <test-method is-config="true" signature="basic_Details()[pri:0, instance:Test_cases.BoardTests@34625ccd]" started-at="2022-07-09T21:53:08 IST" name="basic_Details" finished-at="2022-07-09T21:53:08 IST" duration-ms="0" status="PASS">
          <reporter-output>
          </reporter-output>
        </test-method> <!-- basic_Details -->
        <test-method is-config="true" signature="endTest()[pri:0, instance:Test_cases.BoardTests@34625ccd]" started-at="2022-07-09T21:53:09 IST" name="endTest" finished-at="2022-07-09T21:53:09 IST" duration-ms="0" status="PASS">
          <reporter-output>
          </reporter-output>
        </test-method> <!-- endTest -->
        <test-method is-config="true" signature="basic_Details()[pri:0, instance:Test_cases.BoardTests@34625ccd]" started-at="2022-07-09T21:53:09 IST" name="basic_Details" finished-at="2022-07-09T21:53:09 IST" duration-ms="1" status="PASS">
          <reporter-output>
          </reporter-output>
        </test-method> <!-- basic_Details -->
        <test-method is-config="true" signature="atestCaseResult(org.testng.ITestResult)[pri:0, instance:Test_cases.BoardTests@34625ccd]" started-at="2022-07-09T21:53:09 IST" name="atestCaseResult" finished-at="2022-07-09T21:53:09 IST" duration-ms="0" status="PASS">
          <params>
            <param index="0">
              <value>
                <![CDATA[[TestResult name=get_board status=SUCCESS method=BoardTests.get_board()[pri:3, instance:Test_cases.BoardTests@34625ccd] output={null}]]]>
              </value>
            </param>
          </params>
          <reporter-output>
          </reporter-output>
        </test-method> <!-- atestCaseResult -->
        <test-method signature="delete_board()[pri:4, instance:Test_cases.BoardTests@34625ccd]" started-at="2022-07-09T21:53:09 IST" name="delete_board" finished-at="2022-07-09T21:53:10 IST" duration-ms="923" status="PASS">
          <reporter-output>
          </reporter-output>
        </test-method> <!-- delete_board -->
        <test-method is-config="true" signature="startTest(java.lang.reflect.Method)[pri:0, instance:Test_cases.BoardTests@34625ccd]" started-at="2022-07-09T21:53:09 IST" name="startTest" finished-at="2022-07-09T21:53:09 IST" duration-ms="0" status="PASS">
          <params>
            <param index="0">
              <value>
                <![CDATA[public void Test_cases.BoardTests.delete_board() throws java.lang.Exception]]>
              </value>
            </param>
          </params>
          <reporter-output>
          </reporter-output>
        </test-method> <!-- startTest -->
        <test-method is-config="true" signature="endTest()[pri:0, instance:Test_cases.BoardTests@34625ccd]" started-at="2022-07-09T21:53:10 IST" name="endTest" finished-at="2022-07-09T21:53:10 IST" duration-ms="0" status="PASS">
          <reporter-output>
          </reporter-output>
        </test-method> <!-- endTest -->
        <test-method is-config="true" signature="atestCaseResult(org.testng.ITestResult)[pri:0, instance:Test_cases.BoardTests@34625ccd]" started-at="2022-07-09T21:53:10 IST" name="atestCaseResult" finished-at="2022-07-09T21:53:10 IST" duration-ms="0" status="PASS">
          <params>
            <param index="0">
              <value>
                <![CDATA[[TestResult name=delete_board status=SUCCESS method=BoardTests.delete_board()[pri:4, instance:Test_cases.BoardTests@34625ccd] output={null}]]]>
              </value>
            </param>
          </params>
          <reporter-output>
          </reporter-output>
        </test-method> <!-- atestCaseResult -->
      </class> <!-- Test_cases.BoardTests -->
      <class name="Test_cases.CheckListTests">
        <test-method signature="createChecklist()[pri:11, instance:Test_cases.CheckListTests@2c7d121c]" started-at="2022-07-09T21:53:10 IST" name="createChecklist" finished-at="2022-07-09T21:53:10 IST" duration-ms="627" status="PASS">
          <reporter-output>
          </reporter-output>
        </test-method> <!-- createChecklist -->
        <test-method is-config="true" signature="basic_Details()[pri:0, instance:Test_cases.CheckListTests@2c7d121c]" started-at="2022-07-09T21:53:10 IST" name="basic_Details" finished-at="2022-07-09T21:53:10 IST" duration-ms="0" status="PASS">
          <reporter-output>
          </reporter-output>
        </test-method> <!-- basic_Details -->
        <test-method is-config="true" signature="startTest(java.lang.reflect.Method)[pri:0, instance:Test_cases.CheckListTests@2c7d121c]" started-at="2022-07-09T21:53:10 IST" name="startTest" finished-at="2022-07-09T21:53:10 IST" duration-ms="0" status="PASS">
          <params>
            <param index="0">
              <value>
                <![CDATA[public void Test_cases.CheckListTests.createChecklist() throws java.lang.Exception]]>
              </value>
            </param>
          </params>
          <reporter-output>
          </reporter-output>
        </test-method> <!-- startTest -->
        <test-method is-config="true" signature="startTest(java.lang.reflect.Method)[pri:0, instance:Test_cases.CheckListTests@2c7d121c]" started-at="2022-07-09T21:53:10 IST" name="startTest" finished-at="2022-07-09T21:53:10 IST" duration-ms="0" status="PASS">
          <params>
            <param index="0">
              <value>
                <![CDATA[public void Test_cases.CheckListTests.updateCheckList() throws java.lang.Exception]]>
              </value>
            </param>
          </params>
          <reporter-output>
          </reporter-output>
        </test-method> <!-- startTest -->
        <test-method is-config="true" signature="basic_Details()[pri:0, instance:Test_cases.CheckListTests@2c7d121c]" started-at="2022-07-09T21:53:10 IST" name="basic_Details" finished-at="2022-07-09T21:53:10 IST" duration-ms="0" status="PASS">
          <reporter-output>
          </reporter-output>
        </test-method> <!-- basic_Details -->
        <test-method is-config="true" signature="atestCaseResult(org.testng.ITestResult)[pri:0, instance:Test_cases.CheckListTests@2c7d121c]" started-at="2022-07-09T21:53:10 IST" name="atestCaseResult" finished-at="2022-07-09T21:53:10 IST" duration-ms="0" status="PASS">
          <params>
            <param index="0">
              <value>
                <![CDATA[[TestResult name=createChecklist status=SUCCESS method=CheckListTests.createChecklist()[pri:11, instance:Test_cases.CheckListTests@2c7d121c] output={null}]]]>
              </value>
            </param>
          </params>
          <reporter-output>
          </reporter-output>
        </test-method> <!-- atestCaseResult -->
        <test-method is-config="true" signature="endTest()[pri:0, instance:Test_cases.CheckListTests@2c7d121c]" started-at="2022-07-09T21:53:10 IST" name="endTest" finished-at="2022-07-09T21:53:10 IST" duration-ms="0" status="PASS">
          <reporter-output>
          </reporter-output>
        </test-method> <!-- endTest -->
        <test-method signature="updateCheckList()[pri:12, instance:Test_cases.CheckListTests@2c7d121c]" started-at="2022-07-09T21:53:10 IST" name="updateCheckList" finished-at="2022-07-09T21:53:11 IST" duration-ms="1003" status="PASS">
          <reporter-output>
          </reporter-output>
        </test-method> <!-- updateCheckList -->
        <test-method is-config="true" signature="atestCaseResult(org.testng.ITestResult)[pri:0, instance:Test_cases.CheckListTests@2c7d121c]" started-at="2022-07-09T21:53:11 IST" name="atestCaseResult" finished-at="2022-07-09T21:53:11 IST" duration-ms="0" status="PASS">
          <params>
            <param index="0">
              <value>
                <![CDATA[[TestResult name=updateCheckList status=SUCCESS method=CheckListTests.updateCheckList()[pri:12, instance:Test_cases.CheckListTests@2c7d121c] output={null}]]]>
              </value>
            </param>
          </params>
          <reporter-output>
          </reporter-output>
        </test-method> <!-- atestCaseResult -->
        <test-method is-config="true" signature="endTest()[pri:0, instance:Test_cases.CheckListTests@2c7d121c]" started-at="2022-07-09T21:53:11 IST" name="endTest" finished-at="2022-07-09T21:53:11 IST" duration-ms="0" status="PASS">
          <reporter-output>
          </reporter-output>
        </test-method> <!-- endTest -->
        <test-method signature="getCheckList()[pri:13, instance:Test_cases.CheckListTests@2c7d121c]" started-at="2022-07-09T21:53:11 IST" name="getCheckList" finished-at="2022-07-09T21:53:12 IST" duration-ms="612" status="PASS">
          <reporter-output>
          </reporter-output>
        </test-method> <!-- getCheckList -->
        <test-method is-config="true" signature="basic_Details()[pri:0, instance:Test_cases.CheckListTests@2c7d121c]" started-at="2022-07-09T21:53:11 IST" name="basic_Details" finished-at="2022-07-09T21:53:11 IST" duration-ms="0" status="PASS">
          <reporter-output>
          </reporter-output>
        </test-method> <!-- basic_Details -->
        <test-method is-config="true" signature="startTest(java.lang.reflect.Method)[pri:0, instance:Test_cases.CheckListTests@2c7d121c]" started-at="2022-07-09T21:53:11 IST" name="startTest" finished-at="2022-07-09T21:53:11 IST" duration-ms="0" status="PASS">
          <params>
            <param index="0">
              <value>
                <![CDATA[public void Test_cases.CheckListTests.getCheckList() throws java.lang.Exception]]>
              </value>
            </param>
          </params>
          <reporter-output>
          </reporter-output>
        </test-method> <!-- startTest -->
        <test-method is-config="true" signature="atestCaseResult(org.testng.ITestResult)[pri:0, instance:Test_cases.CheckListTests@2c7d121c]" started-at="2022-07-09T21:53:12 IST" name="atestCaseResult" finished-at="2022-07-09T21:53:12 IST" duration-ms="1" status="PASS">
          <params>
            <param index="0">
              <value>
                <![CDATA[[TestResult name=getCheckList status=SUCCESS method=CheckListTests.getCheckList()[pri:13, instance:Test_cases.CheckListTests@2c7d121c] output={null}]]]>
              </value>
            </param>
          </params>
          <reporter-output>
          </reporter-output>
        </test-method> <!-- atestCaseResult -->
        <test-method is-config="true" signature="basic_Details()[pri:0, instance:Test_cases.CheckListTests@2c7d121c]" started-at="2022-07-09T21:53:12 IST" name="basic_Details" finished-at="2022-07-09T21:53:12 IST" duration-ms="0" status="PASS">
          <reporter-output>
          </reporter-output>
        </test-method> <!-- basic_Details -->
        <test-method is-config="true" signature="endTest()[pri:0, instance:Test_cases.CheckListTests@2c7d121c]" started-at="2022-07-09T21:53:12 IST" name="endTest" finished-at="2022-07-09T21:53:12 IST" duration-ms="0" status="PASS">
          <reporter-output>
          </reporter-output>
        </test-method> <!-- endTest -->
        <test-method signature="getTheCardAChecklistIsOn()[pri:14, instance:Test_cases.CheckListTests@2c7d121c]" started-at="2022-07-09T21:53:12 IST" name="getTheCardAChecklistIsOn" finished-at="2022-07-09T21:53:12 IST" duration-ms="613" status="PASS">
          <reporter-output>
          </reporter-output>
        </test-method> <!-- getTheCardAChecklistIsOn -->
        <test-method is-config="true" signature="startTest(java.lang.reflect.Method)[pri:0, instance:Test_cases.CheckListTests@2c7d121c]" started-at="2022-07-09T21:53:12 IST" name="startTest" finished-at="2022-07-09T21:53:12 IST" duration-ms="0" status="PASS">
          <params>
            <param index="0">
              <value>
                <![CDATA[public void Test_cases.CheckListTests.getTheCardAChecklistIsOn() throws java.lang.Exception]]>
              </value>
            </param>
          </params>
          <reporter-output>
          </reporter-output>
        </test-method> <!-- startTest -->
        <test-method is-config="true" signature="atestCaseResult(org.testng.ITestResult)[pri:0, instance:Test_cases.CheckListTests@2c7d121c]" started-at="2022-07-09T21:53:12 IST" name="atestCaseResult" finished-at="2022-07-09T21:53:12 IST" duration-ms="0" status="PASS">
          <params>
            <param index="0">
              <value>
                <![CDATA[[TestResult name=getTheCardAChecklistIsOn status=SUCCESS method=CheckListTests.getTheCardAChecklistIsOn()[pri:14, instance:Test_cases.CheckListTests@2c7d121c] output={null}]]]>
              </value>
            </param>
          </params>
          <reporter-output>
          </reporter-output>
        </test-method> <!-- atestCaseResult -->
        <test-method is-config="true" signature="endTest()[pri:0, instance:Test_cases.CheckListTests@2c7d121c]" started-at="2022-07-09T21:53:12 IST" name="endTest" finished-at="2022-07-09T21:53:12 IST" duration-ms="0" status="PASS">
          <reporter-output>
          </reporter-output>
        </test-method> <!-- endTest -->
        <test-method is-config="true" signature="basic_Details()[pri:0, instance:Test_cases.CheckListTests@2c7d121c]" started-at="2022-07-09T21:53:12 IST" name="basic_Details" finished-at="2022-07-09T21:53:12 IST" duration-ms="0" status="PASS">
          <reporter-output>
          </reporter-output>
        </test-method> <!-- basic_Details -->
        <test-method signature="deleteCheckList()[pri:15, instance:Test_cases.CheckListTests@2c7d121c]" started-at="2022-07-09T21:53:12 IST" name="deleteCheckList" finished-at="2022-07-09T21:53:13 IST" duration-ms="781" status="PASS">
          <reporter-output>
          </reporter-output>
        </test-method> <!-- deleteCheckList -->
        <test-method is-config="true" signature="startTest(java.lang.reflect.Method)[pri:0, instance:Test_cases.CheckListTests@2c7d121c]" started-at="2022-07-09T21:53:12 IST" name="startTest" finished-at="2022-07-09T21:53:12 IST" duration-ms="0" status="PASS">
          <params>
            <param index="0">
              <value>
                <![CDATA[public void Test_cases.CheckListTests.deleteCheckList()]]>
              </value>
            </param>
          </params>
          <reporter-output>
          </reporter-output>
        </test-method> <!-- startTest -->
        <test-method is-config="true" signature="atestCaseResult(org.testng.ITestResult)[pri:0, instance:Test_cases.CheckListTests@2c7d121c]" started-at="2022-07-09T21:53:13 IST" name="atestCaseResult" finished-at="2022-07-09T21:53:13 IST" duration-ms="1" status="PASS">
          <params>
            <param index="0">
              <value>
                <![CDATA[[TestResult name=deleteCheckList status=SUCCESS method=CheckListTests.deleteCheckList()[pri:15, instance:Test_cases.CheckListTests@2c7d121c] output={null}]]]>
              </value>
            </param>
          </params>
          <reporter-output>
          </reporter-output>
        </test-method> <!-- atestCaseResult -->
        <test-method is-config="true" signature="endTest()[pri:0, instance:Test_cases.CheckListTests@2c7d121c]" started-at="2022-07-09T21:53:13 IST" name="endTest" finished-at="2022-07-09T21:53:13 IST" duration-ms="0" status="PASS">
          <reporter-output>
          </reporter-output>
        </test-method> <!-- endTest -->
      </class> <!-- Test_cases.CheckListTests -->
    </test> <!-- Default test -->
  </suite> <!-- Default suite -->
</testng-results>
